2022-06-13 3:35:00 - PHP Warning:  file_put_contents(/Users/froze/dev/opencart.local/storage/cache//EUR.txt): failed to open stream: No such file or directory in /Users/froze/dev/opencart.local/catalog/controller/common/header.php on line 136
2022-06-13 3:35:01 - PHP Warning:  file_put_contents(/Users/froze/dev/opencart.local/storage/cache//EUR.txt): failed to open stream: No such file or directory in /Users/froze/dev/opencart.local/catalog/controller/common/header.php on line 136
2022-06-13 3:35:01 - PHP Warning:  file_put_contents(/Users/froze/dev/opencart.local/storage/cache//EUR.txt): failed to open stream: No such file or directory in /Users/froze/dev/opencart.local/catalog/controller/common/header.php on line 136
2022-06-13 3:35:02 - PHP Warning:  file_put_contents(/Users/froze/dev/opencart.local/storage/cache//EUR.txt): failed to open stream: No such file or directory in /Users/froze/dev/opencart.local/catalog/controller/common/header.php on line 136
2022-06-13 3:35:02 - PHP Warning:  file_put_contents(/Users/froze/dev/opencart.local/storage/cache//EUR.txt): failed to open stream: No such file or directory in /Users/froze/dev/opencart.local/catalog/controller/common/header.php on line 136
2022-06-13 3:35:03 - PHP Warning:  file_put_contents(/Users/froze/dev/opencart.local/storage/cache//EUR.txt): failed to open stream: No such file or directory in /Users/froze/dev/opencart.local/catalog/controller/common/header.php on line 136
2022-06-13 3:35:03 - PHP Warning:  file_put_contents(/Users/froze/dev/opencart.local/storage/cache//EUR.txt): failed to open stream: No such file or directory in /Users/froze/dev/opencart.local/catalog/controller/common/header.php on line 136
2022-06-13 3:35:04 - PHP Warning:  file_put_contents(/Users/froze/dev/opencart.local/storage/cache//EUR.txt): failed to open stream: No such file or directory in /Users/froze/dev/opencart.local/catalog/controller/common/header.php on line 136
2022-06-13 3:35:04 - PHP Warning:  file_put_contents(/Users/froze/dev/opencart.local/storage/cache//EUR.txt): failed to open stream: No such file or directory in /Users/froze/dev/opencart.local/catalog/controller/common/header.php on line 136
2022-06-13 3:35:05 - PHP Warning:  file_put_contents(/Users/froze/dev/opencart.local/storage/cache//EUR.txt): failed to open stream: No such file or directory in /Users/froze/dev/opencart.local/catalog/controller/common/header.php on line 136
2022-06-13 3:35:06 - PHP Warning:  file_put_contents(/Users/froze/dev/opencart.local/storage/cache//EUR.txt): failed to open stream: No such file or directory in /Users/froze/dev/opencart.local/catalog/controller/common/header.php on line 136
2022-06-13 3:35:06 - PHP Warning:  file_put_contents(/Users/froze/dev/opencart.local/storage/cache//EUR.txt): failed to open stream: No such file or directory in /Users/froze/dev/opencart.local/catalog/controller/common/header.php on line 136
2022-06-13 3:35:06 - PHP Warning:  file_put_contents(/Users/froze/dev/opencart.local/storage/cache//EUR.txt): failed to open stream: No such file or directory in /Users/froze/dev/opencart.local/catalog/controller/common/header.php on line 136
2022-06-13 3:35:07 - PHP Warning:  file_put_contents(/Users/froze/dev/opencart.local/storage/cache//EUR.txt): failed to open stream: No such file or directory in /Users/froze/dev/opencart.local/catalog/controller/common/header.php on line 136
2022-06-13 3:35:07 - PHP Warning:  file_put_contents(/Users/froze/dev/opencart.local/storage/cache//EUR.txt): failed to open stream: No such file or directory in /Users/froze/dev/opencart.local/catalog/controller/common/header.php on line 136
2022-06-13 3:35:08 - PHP Warning:  file_put_contents(/Users/froze/dev/opencart.local/storage/cache//EUR.txt): failed to open stream: No such file or directory in /Users/froze/dev/opencart.local/catalog/controller/common/header.php on line 136
2022-06-13 3:35:08 - PHP Warning:  file_put_contents(/Users/froze/dev/opencart.local/storage/cache//EUR.txt): failed to open stream: No such file or directory in /Users/froze/dev/opencart.local/catalog/controller/common/header.php on line 136
2022-06-13 3:35:09 - PHP Warning:  file_put_contents(/Users/froze/dev/opencart.local/storage/cache//EUR.txt): failed to open stream: No such file or directory in /Users/froze/dev/opencart.local/catalog/controller/common/header.php on line 136
2022-06-13 3:35:09 - PHP Warning:  file_put_contents(/Users/froze/dev/opencart.local/storage/cache//EUR.txt): failed to open stream: No such file or directory in /Users/froze/dev/opencart.local/catalog/controller/common/header.php on line 136
2022-06-13 3:35:10 - PHP Warning:  file_put_contents(/Users/froze/dev/opencart.local/storage/cache//EUR.txt): failed to open stream: No such file or directory in /Users/froze/dev/opencart.local/catalog/controller/common/header.php on line 136
2022-06-13 3:35:10 - PHP Warning:  file_put_contents(/Users/froze/dev/opencart.local/storage/cache//EUR.txt): failed to open stream: No such file or directory in /Users/froze/dev/opencart.local/catalog/controller/common/header.php on line 136
2022-06-13 4:52:35 - PHP Warning:  fopen(/Users/froze/dev/opencart.local/storage/cache/cache.catalog.language.1655099555): failed to open stream: No such file or directory in /Users/froze/dev/opencart.local/system/library/cache/file.php on line 49
2022-06-13 4:52:35 - PHP Warning:  flock() expects parameter 1 to be resource, bool given in /Users/froze/dev/opencart.local/system/library/cache/file.php on line 51
2022-06-13 4:52:35 - PHP Warning:  fwrite() expects parameter 1 to be resource, bool given in /Users/froze/dev/opencart.local/system/library/cache/file.php on line 53
2022-06-13 4:52:35 - PHP Warning:  fflush() expects parameter 1 to be resource, bool given in /Users/froze/dev/opencart.local/system/library/cache/file.php on line 55
2022-06-13 4:52:35 - PHP Warning:  flock() expects parameter 1 to be resource, bool given in /Users/froze/dev/opencart.local/system/library/cache/file.php on line 57
2022-06-13 4:52:35 - PHP Warning:  fclose() expects parameter 1 to be resource, bool given in /Users/froze/dev/opencart.local/system/library/cache/file.php on line 59
2022-06-13 4:52:35 - PHP Warning:  fopen(/Users/froze/dev/opencart.local/storage/cache/cache.currency.1655099555): failed to open stream: No such file or directory in /Users/froze/dev/opencart.local/system/library/cache/file.php on line 49
2022-06-13 4:52:35 - PHP Warning:  flock() expects parameter 1 to be resource, bool given in /Users/froze/dev/opencart.local/system/library/cache/file.php on line 51
2022-06-13 4:52:35 - PHP Warning:  fwrite() expects parameter 1 to be resource, bool given in /Users/froze/dev/opencart.local/system/library/cache/file.php on line 53
2022-06-13 4:52:35 - PHP Warning:  fflush() expects parameter 1 to be resource, bool given in /Users/froze/dev/opencart.local/system/library/cache/file.php on line 55
2022-06-13 4:52:35 - PHP Warning:  flock() expects parameter 1 to be resource, bool given in /Users/froze/dev/opencart.local/system/library/cache/file.php on line 57
2022-06-13 4:52:35 - PHP Warning:  fclose() expects parameter 1 to be resource, bool given in /Users/froze/dev/opencart.local/system/library/cache/file.php on line 59
2022-07-02 10:03:26 - PHP Notice:  Undefined variable: image in /Users/froze/dev/opencart.local/catalog/controller/extension/module/category_grid.php on line 46
2022-07-02 10:03:26 - PHP Notice:  Undefined variable: image in /Users/froze/dev/opencart.local/catalog/controller/extension/module/category_grid.php on line 46
2022-07-02 10:03:26 - PHP Notice:  Undefined variable: image in /Users/froze/dev/opencart.local/catalog/controller/extension/module/category_grid.php on line 46
2022-07-02 10:03:26 - PHP Notice:  Undefined variable: image in /Users/froze/dev/opencart.local/catalog/controller/extension/module/category_grid.php on line 46
2022-07-02 10:03:26 - PHP Notice:  Undefined variable: image in /Users/froze/dev/opencart.local/catalog/controller/extension/module/category_grid.php on line 46
2022-07-02 10:03:26 - PHP Notice:  Undefined variable: image in /Users/froze/dev/opencart.local/catalog/controller/extension/module/category_grid.php on line 46
2022-07-02 10:03:27 - PHP Notice:  Undefined variable: image in /Users/froze/dev/opencart.local/catalog/controller/extension/module/category_grid.php on line 46
2022-07-02 10:03:27 - PHP Notice:  Undefined variable: image in /Users/froze/dev/opencart.local/catalog/controller/extension/module/category_grid.php on line 46
2022-07-02 10:03:27 - PHP Notice:  Undefined variable: image in /Users/froze/dev/opencart.local/catalog/controller/extension/module/category_grid.php on line 46
2022-07-02 10:03:27 - PHP Notice:  Undefined variable: image in /Users/froze/dev/opencart.local/catalog/controller/extension/module/category_grid.php on line 46
2022-07-02 10:03:27 - PHP Notice:  Undefined variable: image in /Users/froze/dev/opencart.local/catalog/controller/extension/module/category_grid.php on line 46
2022-07-02 10:03:27 - PHP Notice:  Undefined variable: image in /Users/froze/dev/opencart.local/catalog/controller/extension/module/category_grid.php on line 46
2022-07-02 10:04:15 - PHP Notice:  Undefined variable: image in /Users/froze/dev/opencart.local/catalog/controller/extension/module/category_grid.php on line 46
2022-07-02 10:04:15 - PHP Notice:  Undefined variable: image in /Users/froze/dev/opencart.local/catalog/controller/extension/module/category_grid.php on line 46
2022-07-02 10:04:15 - PHP Notice:  Undefined variable: image in /Users/froze/dev/opencart.local/catalog/controller/extension/module/category_grid.php on line 46
2022-07-02 10:04:15 - PHP Notice:  Undefined variable: image in /Users/froze/dev/opencart.local/catalog/controller/extension/module/category_grid.php on line 46
2022-07-02 10:04:15 - PHP Notice:  Undefined variable: image in /Users/froze/dev/opencart.local/catalog/controller/extension/module/category_grid.php on line 46
2022-07-02 10:04:15 - PHP Notice:  Undefined variable: image in /Users/froze/dev/opencart.local/catalog/controller/extension/module/category_grid.php on line 46
2022-07-02 10:06:16 - PHP Notice:  Undefined variable: image in /Users/froze/dev/opencart.local/catalog/controller/extension/module/category_grid.php on line 47
2022-07-02 10:06:16 - PHP Notice:  Undefined variable: image in /Users/froze/dev/opencart.local/catalog/controller/extension/module/category_grid.php on line 47
2022-07-02 10:06:16 - PHP Notice:  Undefined variable: image in /Users/froze/dev/opencart.local/catalog/controller/extension/module/category_grid.php on line 47
2022-07-02 10:06:16 - PHP Notice:  Undefined variable: image in /Users/froze/dev/opencart.local/catalog/controller/extension/module/category_grid.php on line 47
2022-07-02 10:06:16 - PHP Notice:  Undefined variable: image in /Users/froze/dev/opencart.local/catalog/controller/extension/module/category_grid.php on line 47
2022-07-02 10:06:16 - PHP Notice:  Undefined variable: image in /Users/froze/dev/opencart.local/catalog/controller/extension/module/category_grid.php on line 47
2022-07-02 10:06:37 - PHP Notice:  Undefined variable: image in /Users/froze/dev/opencart.local/catalog/controller/extension/module/category_grid.php on line 47
2022-07-02 10:06:37 - PHP Notice:  Undefined variable: image in /Users/froze/dev/opencart.local/catalog/controller/extension/module/category_grid.php on line 47
2022-07-02 10:06:37 - PHP Notice:  Undefined variable: image in /Users/froze/dev/opencart.local/catalog/controller/extension/module/category_grid.php on line 47
2022-07-02 10:06:37 - PHP Notice:  Undefined variable: image in /Users/froze/dev/opencart.local/catalog/controller/extension/module/category_grid.php on line 47
2022-07-02 10:06:37 - PHP Notice:  Undefined variable: image in /Users/froze/dev/opencart.local/catalog/controller/extension/module/category_grid.php on line 47
2022-07-02 10:06:37 - PHP Notice:  Undefined variable: image in /Users/froze/dev/opencart.local/catalog/controller/extension/module/category_grid.php on line 47
2022-07-02 10:07:11 - PHP Notice:  Undefined variable: image in /Users/froze/dev/opencart.local/catalog/controller/extension/module/category_grid.php on line 47
2022-07-02 10:07:11 - PHP Notice:  Undefined variable: image in /Users/froze/dev/opencart.local/catalog/controller/extension/module/category_grid.php on line 47
2022-07-02 10:07:11 - PHP Notice:  Undefined variable: image in /Users/froze/dev/opencart.local/catalog/controller/extension/module/category_grid.php on line 47
2022-07-02 10:07:11 - PHP Notice:  Undefined variable: image in /Users/froze/dev/opencart.local/catalog/controller/extension/module/category_grid.php on line 47
2022-07-02 10:07:11 - PHP Notice:  Undefined variable: image in /Users/froze/dev/opencart.local/catalog/controller/extension/module/category_grid.php on line 47
2022-07-02 10:07:11 - PHP Notice:  Undefined variable: image in /Users/froze/dev/opencart.local/catalog/controller/extension/module/category_grid.php on line 47
2022-07-02 10:09:28 - PHP Warning:  Invalid argument supplied for foreach() in /Users/froze/dev/opencart.local/catalog/controller/extension/module/category_grid.php on line 28
2022-07-02 10:09:29 - PHP Notice:  Undefined variable: image in /Users/froze/dev/opencart.local/catalog/controller/extension/module/category_grid.php on line 42
2022-07-02 10:16:14 - PHP Warning:  Invalid argument supplied for foreach() in /Users/froze/dev/opencart.local/catalog/controller/extension/module/category_grid.php on line 28
